<?xml version="1.0" encoding="UTF-8"?>
<!-- Generated by org.testng.reporters.JUnitXMLReporter -->
<testsuite hostname="Home_Laptop" ignored="0" name="Test" tests="12" failures="2" timestamp="25 Oct 2022 07:08:03 GMT" time="0.109" errors="0">
  <testcase name="firstTestCase" time="0.005" classname="test.Test1"/>
  <testcase name="secondTestcase" time="0.002" classname="test.Test1"/>
  <testcase name="thirdTestcase" time="0.003" classname="test.Test2"/>
  <testcase name="homeLoanPageLogin" time="0.005" classname="test.Test3">
    <failure type="java.lang.AssertionError" message="expected [true] but found [false]">
      <![CDATA[java.lang.AssertionError: expected [true] but found [false]
at test.Test3.homeLoanPageLogin(Test3.java:14)
... Removed 29 stack frames]]>
    </failure>
  </testcase> <!-- homeLoanPageLogin -->
  <testcase name="homeLoanPageLogout" time="0.002" classname="test.Test3"/>
  <testcase name="homeLoanPageSearchProducts" time="0.0" classname="test.Test3">
    <failure type="org.testng.TestNGException" message="
Parameter &amp;apos;URL&amp;apos; is required by @Test on method homeLoanPageSearchProducts but has not been marked @Optional or defined
in C:\Users\Aishwarya Jangampeta\Kranthi\eclipse-workspace\testNG\testng5.xml">
      <![CDATA[org.testng.TestNGException: 
Parameter 'URL' is required by @Test on method homeLoanPageSearchProducts but has not been marked @Optional or defined
in C:\Users\Aishwarya Jangampeta\Kranthi\eclipse-workspace\testNG\testng5.xml
... Removed 24 stack frames]]>
    </failure>
  </testcase> <!-- homeLoanPageSearchProducts -->
  <testcase name="carLoanPageMobileLogin" time="0.002" classname="test.Test4"/>
  <testcase name="carLoanPageMobileSearchProducts" time="0.002" classname="test.Test4"/>
  <testcase name="carLoanPageWebLogin" time="0.002" classname="test.Test4"/>
  <testcase name="carLoanPageWebLogout" time="0.003" classname="test.Test4"/>
  <testcase name="carLoanPageWebSearchProducts" time="0.001" classname="test.Test4"/>
  <testcase name="carLoanPageMobileLogout" time="0.001" classname="test.Test4"/>
</testsuite> <!-- Test -->
